<?xml version="1.0" encoding="UTF-8"?>
<!-- Generated by org.testng.reporters.JUnitReportReporter -->
<testsuite skipped="0" hostname="WFMAC22.local" name="handleCalendar.handleCalendarByJS" tests="1" failures="0" timestamp="24 Jul 2018 09:55:59 GMT" time="10.763" errors="0">
  <testcase name="datePickerByJSTest" time="10.763" classname="handleCalendar.handleCalendarByJS"/>
</testsuite> <!-- handleCalendar.handleCalendarByJS -->
