<?xml version="1.0" encoding="UTF-8"?>
<!-- Generated by org.testng.reporters.JUnitReportReporter -->
<testsuite skipped="0" hostname="WFMAC22.local" name="handleCalendar.spiceJetCalendar" tests="1" failures="0" timestamp="13 Jul 2018 13:09:11 GMT" time="6.429" errors="0">
  <testcase name="datePickerTest" time="6.429" classname="handleCalendar.spiceJetCalendar"/>
</testsuite> <!-- handleCalendar.spiceJetCalendar -->
