<?xml version="1.0" encoding="UTF-8"?>
<!-- Generated by org.testng.reporters.JUnitReportReporter -->
<testsuite skipped="0" hostname="Olasunkanmis-MacBook-Pro.local" name="readingFiles.ReadPropFile" tests="3" failures="0" timestamp="11 Jun 2018 23:07:30 GMT" time="12.686" errors="0">
  <testcase name="loginTest" time="8.012" classname="readingFiles.ReadPropFile"/>
  <testcase name="tearDown" time="0.137" classname="readingFiles.ReadPropFile"/>
  <testcase name="initialization" time="4.537" classname="readingFiles.ReadPropFile"/>
</testsuite> <!-- readingFiles.ReadPropFile -->
