<?xml version="1.0" encoding="UTF-8"?>
<!-- Generated by org.testng.reporters.JUnitReportReporter -->
<testsuite skipped="0" hostname="OlasunkanmisMBP.home" name="lunchBrowser.LunchBrowswerTest" tests="1" failures="0" timestamp="05 Jul 2018 18:03:35 GMT" time="5.222" errors="0">
  <testcase name="initialization" time="5.222" classname="lunchBrowser.LunchBrowswerTest"/>
</testsuite> <!-- lunchBrowser.LunchBrowswerTest -->
