<?xml version="1.0" encoding="UTF-8"?>
<!-- Generated by org.testng.reporters.JUnitReportReporter -->
<testsuite skipped="0" hostname="WFMAC22.local" name="handleCalendar.handleCalendarTest" tests="1" failures="0" timestamp="13 Jul 2018 13:11:45 GMT" time="9.829" errors="0">
  <testcase name="searchFunction" time="9.829" classname="handleCalendar.handleCalendarTest"/>
</testsuite> <!-- handleCalendar.handleCalendarTest -->
