<?xml version="1.0" encoding="UTF-8"?>
<!-- Generated by org.testng.reporters.JUnitReportReporter -->
<<<<<<< HEAD
<testsuite skipped="0" hostname="WFMAC22.local" name="readingFiles.ReadPropFile" tests="3" failures="0" timestamp="16 Jul 2018 14:37:47 GMT" time="13.284" errors="0">
  <testcase name="initializationConstructor" time="5.277" classname="readingFiles.ReadPropFile"/>
  <testcase name="tearDown" time="0.244" classname="readingFiles.ReadPropFile"/>
  <testcase name="loginTest" time="7.763" classname="readingFiles.ReadPropFile"/>
=======
<testsuite skipped="0" hostname="OlasunkanmisMBP.home" name="readingFiles.ReadPropFile" tests="3" failures="0" timestamp="05 Jul 2018 14:16:48 GMT" time="13.480" errors="0">
  <testcase name="loginTest" time="8.997" classname="readingFiles.ReadPropFile"/>
  <testcase name="tearDown" time="0.144" classname="readingFiles.ReadPropFile"/>
  <testcase name="initialization" time="4.339" classname="readingFiles.ReadPropFile"/>
>>>>>>> 7daea81d2557e0e8675b274d730d92ed2bd3a1b9
</testsuite> <!-- readingFiles.ReadPropFile -->
