<?xml version="1.0" encoding="UTF-8"?>
<!-- Generated by org.testng.reporters.JUnitReportReporter -->
<testsuite skipped="0" hostname="WFMAC22.local" name="handleCalendar.handleCalendarTest2" tests="1" failures="0" timestamp="13 Jul 2018 11:16:46 GMT" time="11.908" errors="0">
  <testcase name="datePickerTest" time="11.908" classname="handleCalendar.handleCalendarTest2"/>
</testsuite> <!-- handleCalendar.handleCalendarTest2 -->
