<?xml version="1.0" encoding="UTF-8"?>
<!-- Generated by org.testng.reporters.JUnitReportReporter -->
<testsuite skipped="0" hostname="WFMAC22.local" name="handleCalendar.handleCalendarTest3" tests="1" failures="0" timestamp="13 Jul 2018 13:07:04 GMT" time="5.756" errors="0">
  <testcase name="datePickerTest" time="5.756" classname="handleCalendar.handleCalendarTest3"/>
</testsuite> <!-- handleCalendar.handleCalendarTest3 -->
