<?xml version="1.0" encoding="UTF-8"?>
<!-- Generated by org.testng.reporters.JUnitReportReporter -->
<testsuite skipped="0" hostname="WFMAC22.local" name="keyPress.KeyPressOperation" tests="2" failures="0" timestamp="24 Jun 2018 21:27:25 GMT" time="11.887" errors="0">
  <testcase name="keyPressTest" time="5.657" classname="keyPress.KeyPressOperation"/>
  <testcase name="keyPressTest1" time="6.230" classname="keyPress.KeyPressOperation"/>
</testsuite> <!-- keyPress.KeyPressOperation -->
