<?xml version="1.0" encoding="UTF-8"?>
<!-- Generated by org.testng.reporters.JUnitReportReporter -->
<testsuite skipped="0" hostname="WFMAC22.local" name="rightmove.ReadPropFile" tests="3" failures="0" timestamp="18 Jun 2018 15:17:52 GMT" time="4.476" errors="0">
  <testcase name="initialization" time="3.448" classname="rightmove.ReadPropFile"/>
  <testcase name="homePageTest" time="0.921" classname="rightmove.ReadPropFile"/>
  <testcase name="tearDown" time="0.107" classname="rightmove.ReadPropFile"/>
</testsuite> <!-- rightmove.ReadPropFile -->
