<?xml version="1.0" encoding="UTF-8"?>
<!-- Generated by org.testng.reporters.JUnitReportReporter -->
<testsuite skipped="0" hostname="WFMAC22.local" name="handleCalendar.SkyscannerCalenderTest" tests="1" failures="0" timestamp="24 Jul 2018 00:29:45 GMT" time="12.165" errors="0">
  <testcase name="searchFunction" time="12.165" classname="handleCalendar.SkyscannerCalenderTest"/>
</testsuite> <!-- handleCalendar.SkyscannerCalenderTest -->
