<?xml version="1.0" encoding="UTF-8"?>
<!-- Generated by org.testng.reporters.JUnitReportReporter -->
<testsuite skipped="1" hostname="WFMAC22.local" name="rightmove.PageTests" tests="3" failures="0" timestamp="18 Jun 2018 15:52:10 GMT" time="7.060" errors="0">
  <testcase name="homePageTest" time="3.980" classname="rightmove.PageTests"/>
  <testcase name="initialization" time="3.080" classname="rightmove.PageTests"/>
  <testcase name="tearDown" classname="rightmove.PageTests">
    <skipped/>
  </testcase> <!-- tearDown -->
</testsuite> <!-- rightmove.PageTests -->
