<?xml version="1.0" encoding="UTF-8"?>
<!-- Generated by org.testng.reporters.JUnitReportReporter -->
<testsuite skipped="0" hostname="WFMAC22.local" name="handleCalendar.EasyJetCalendarTest" tests="1" failures="0" timestamp="16 Jul 2018 07:00:48 GMT" time="9.715" errors="0">
  <testcase name="datePickerTest" time="9.715" classname="handleCalendar.EasyJetCalendarTest"/>
</testsuite> <!-- handleCalendar.EasyJetCalendarTest -->
