<?xml version="1.0" encoding="UTF-8"?>
<!-- Generated by org.testng.reporters.JUnitReportReporter -->
<testsuite skipped="0" hostname="Olasunkanmis-MacBook-Pro.local" name="readingFiles.ReadPropFile" tests="3" failures="0" timestamp="13 Jul 2018 01:19:42 GMT" time="12.195" errors="0">
  <testcase name="loginTest" time="7.348" classname="readingFiles.ReadPropFile"/>
  <testcase name="tearDown" time="0.161" classname="readingFiles.ReadPropFile"/>
  <testcase name="initialization" time="4.686" classname="readingFiles.ReadPropFile"/>
</testsuite> <!-- readingFiles.ReadPropFile -->
