<?xml version="1.0" encoding="UTF-8"?>
<!-- Generated by org.testng.reporters.JUnitReportReporter -->
<testsuite skipped="0" hostname="OlasunkanmisMBP.home" name="basics.SwitchToWindows2" tests="1" failures="0" timestamp="06 Jul 2018 06:27:15 GMT" time="5.465" errors="0">
  <testcase name="switchWindowTest" time="5.465" classname="basics.SwitchToWindows2"/>
</testsuite> <!-- basics.SwitchToWindows2 -->
