<?xml version="1.0" encoding="UTF-8"?>
<!-- Generated by org.testng.reporters.JUnitReportReporter -->
<testsuite skipped="0" hostname="OlasunkanmisMBP.home" name="readingFiles.ReadPropFile" tests="3" failures="0" timestamp="05 Jul 2018 14:16:48 GMT" time="13.480" errors="0">
  <testcase name="loginTest" time="8.997" classname="readingFiles.ReadPropFile"/>
  <testcase name="tearDown" time="0.144" classname="readingFiles.ReadPropFile"/>
  <testcase name="initialization" time="4.339" classname="readingFiles.ReadPropFile"/>
</testsuite> <!-- readingFiles.ReadPropFile -->
