<?xml version="1.0" encoding="UTF-8"?>
<!-- Generated by org.testng.reporters.JUnitReportReporter -->
<testsuite skipped="1" hostname="WFMAC22.local" name="rightmove.PageTests" tests="3" failures="0" timestamp="24 Jun 2018 22:35:39 GMT" time="17.812" errors="0">
  <testcase name="homePageTest" time="10.591" classname="rightmove.PageTests"/>
  <testcase name="initializationConstructor" time="7.221" classname="rightmove.PageTests"/>
  <testcase name="tearDown" classname="rightmove.PageTests">
    <skipped/>
  </testcase> <!-- tearDown -->
</testsuite> <!-- rightmove.PageTests -->
