<?xml version="1.0" encoding="UTF-8"?>
<!-- Generated by org.testng.reporters.JUnitReportReporter -->
<testsuite skipped="0" hostname="WFMAC22.local" name="readingFiles.ReadPropFile" tests="1" failures="0" timestamp="30 May 2018 15:06:27 GMT" time="18.136" errors="0">
  <testcase name="initialization" time="18.136" classname="readingFiles.ReadPropFile"/>
</testsuite> <!-- readingFiles.ReadPropFile -->
