<?xml version="1.0" encoding="UTF-8"?>
<!-- Generated by org.testng.reporters.JUnitReportReporter -->
<testsuite skipped="0" hostname="Olasunkanmis-MacBook-Pro.local" name="getnumberoflinks.AvailableLinks" tests="1" failures="0" timestamp="09 Jul 2018 23:57:48 GMT" time="4.643" errors="0">
  <testcase name="findAllLinksTest" time="4.643" classname="getnumberoflinks.AvailableLinks"/>
</testsuite> <!-- getnumberoflinks.AvailableLinks -->
