<?xml version="1.0" encoding="UTF-8"?>
<!-- Generated by org.testng.reporters.JUnitReportReporter -->
<testsuite skipped="0" hostname="OlasunkanmisMBP" name="lunchBrowser.LunchBrowswerTest" tests="1" failures="0" timestamp="24 Jun 2018 10:23:51 GMT" time="5.895" errors="0">
  <testcase name="initialization" time="5.895" classname="lunchBrowser.LunchBrowswerTest"/>
</testsuite> <!-- lunchBrowser.LunchBrowswerTest -->
