<?xml version="1.0" encoding="UTF-8"?>
<!-- Generated by org.testng.reporters.JUnitReportReporter -->
<testsuite skipped="0" hostname="Olasunkanmis-MacBook-Pro.local" name="readingFiles.ReadPropFile" tests="1" failures="0" timestamp="30 May 2018 00:21:19 GMT" time="6.499" errors="0">
  <testcase name="setUp" time="6.499" classname="readingFiles.ReadPropFile"/>
</testsuite> <!-- readingFiles.ReadPropFile -->
