<?xml version="1.0" encoding="UTF-8"?>
<!-- Generated by org.testng.reporters.JUnitReportReporter -->
<testsuite skipped="0" hostname="WFMAC22.local" name="readingFiles.ReadPropFile" tests="1" failures="0" timestamp="29 May 2018 16:15:13 GMT" time="4.227" errors="0">
  <testcase name="setUp" time="4.227" classname="readingFiles.ReadPropFile"/>
</testsuite> <!-- readingFiles.ReadPropFile -->
