<?xml version="1.0" encoding="UTF-8"?>
<!-- Generated by org.testng.reporters.JUnitReportReporter -->
<testsuite skipped="0" hostname="WFMAC22.local" name="readingFiles.ReadPropFile" tests="3" failures="0" timestamp="16 Jul 2018 14:37:47 GMT" time="13.284" errors="0">
  <testcase name="initializationConstructor" time="5.277" classname="readingFiles.ReadPropFile"/>
  <testcase name="tearDown" time="0.244" classname="readingFiles.ReadPropFile"/>
  <testcase name="loginTest" time="7.763" classname="readingFiles.ReadPropFile"/>
</testsuite> <!-- readingFiles.ReadPropFile -->
