<?xml version="1.0" encoding="UTF-8"?>
<!-- Generated by org.testng.reporters.JUnitReportReporter -->
<testsuite skipped="0" hostname="WFMAC22.local" name="completeSetUpProject.completeSetUpProjectTest" tests="1" failures="0" timestamp="13 Jul 2018 08:06:15 GMT" time="4.815" errors="0">
  <testcase name="searchFunction" time="4.815" classname="completeSetUpProject.completeSetUpProjectTest"/>
</testsuite> <!-- completeSetUpProject.completeSetUpProjectTest -->
